Analysis & Synthesis report for circuitoSomaSub
Tue May 09 15:43:38 2023
Quartus Prime Version 20.1.1 Build 720 11/11/2020 SJ Lite Edition


---------------------
; Table of Contents ;
---------------------
  1. Legal Notice
  2. Analysis & Synthesis Summary
  3. Analysis & Synthesis Settings
  4. Parallel Compilation
  5. Analysis & Synthesis Source Files Read
  6. Analysis & Synthesis Resource Usage Summary
  7. Analysis & Synthesis Resource Utilization by Entity
  8. User-Specified and Inferred Latches
  9. General Register Statistics
 10. Multiplexer Restructuring Statistics (Restructuring Performed)
 11. Parameter Settings for User Entity Instance: Top-level Entity: |circuitoSomaSub
 12. Parameter Settings for User Entity Instance: somador:map_1
 13. Parameter Settings for User Entity Instance: subtrator:map_2
 14. Parameter Settings for User Entity Instance: mux2x1:map_3
 15. Parameter Settings for User Entity Instance: Decoder7Entrada:map_4
 16. Parameter Settings for User Entity Instance: Decoder7Entrada:map_5
 17. Parameter Settings for User Entity Instance: Decoder7Saida:map_6
 18. Parameter Settings for Inferred Entity Instance: somador:map_1|lpm_add_sub:Add0
 19. Post-Synthesis Netlist Statistics for Top Partition
 20. Elapsed Time Per Partition
 21. Analysis & Synthesis Messages



----------------
; Legal Notice ;
----------------
Copyright (C) 2020  Intel Corporation. All rights reserved.
Your use of Intel Corporation's design tools, logic functions 
and other software and tools, and any partner logic 
functions, and any output files from any of the foregoing 
(including device programming or simulation files), and any 
associated documentation or information are expressly subject 
to the terms and conditions of the Intel Program License 
Subscription Agreement, the Intel Quartus Prime License Agreement,
the Intel FPGA IP License Agreement, or other applicable license
agreement, including, without limitation, that your use is for
the sole purpose of programming logic devices manufactured by
Intel and sold by Intel or its authorized distributors.  Please
refer to the applicable agreement for further details, at
https://fpgasoftware.intel.com/eula.



+----------------------------------------------------------------------------------+
; Analysis & Synthesis Summary                                                     ;
+------------------------------------+---------------------------------------------+
; Analysis & Synthesis Status        ; Successful - Tue May 09 15:43:38 2023       ;
; Quartus Prime Version              ; 20.1.1 Build 720 11/11/2020 SJ Lite Edition ;
; Revision Name                      ; circuitoSomaSub                             ;
; Top-level Entity Name              ; circuitoSomaSub                             ;
; Family                             ; MAX 10                                      ;
; Total logic elements               ; 108                                         ;
;     Total combinational functions  ; 108                                         ;
;     Dedicated logic registers      ; 0                                           ;
; Total registers                    ; 0                                           ;
; Total pins                         ; 46                                          ;
; Total virtual pins                 ; 0                                           ;
; Total memory bits                  ; 0                                           ;
; Embedded Multiplier 9-bit elements ; 0                                           ;
; Total PLLs                         ; 0                                           ;
; UFM blocks                         ; 0                                           ;
; ADC blocks                         ; 0                                           ;
+------------------------------------+---------------------------------------------+


+------------------------------------------------------------------------------------------------------------+
; Analysis & Synthesis Settings                                                                              ;
+------------------------------------------------------------------+--------------------+--------------------+
; Option                                                           ; Setting            ; Default Value      ;
+------------------------------------------------------------------+--------------------+--------------------+
; Device                                                           ; 10M50DAF484C7G     ;                    ;
; Top-level entity name                                            ; circuitoSomaSub    ; circuitoSomaSub    ;
; Family name                                                      ; MAX 10             ; Cyclone V          ;
; Use smart compilation                                            ; Off                ; Off                ;
; Enable parallel Assembler and Timing Analyzer during compilation ; On                 ; On                 ;
; Enable compact report table                                      ; Off                ; Off                ;
; Restructure Multiplexers                                         ; Auto               ; Auto               ;
; Create Debugging Nodes for IP Cores                              ; Off                ; Off                ;
; Preserve fewer node names                                        ; On                 ; On                 ;
; Intel FPGA IP Evaluation Mode                                    ; Enable             ; Enable             ;
; Verilog Version                                                  ; Verilog_2001       ; Verilog_2001       ;
; VHDL Version                                                     ; VHDL_1993          ; VHDL_1993          ;
; State Machine Processing                                         ; Auto               ; Auto               ;
; Safe State Machine                                               ; Off                ; Off                ;
; Extract Verilog State Machines                                   ; On                 ; On                 ;
; Extract VHDL State Machines                                      ; On                 ; On                 ;
; Ignore Verilog initial constructs                                ; Off                ; Off                ;
; Iteration limit for constant Verilog loops                       ; 5000               ; 5000               ;
; Iteration limit for non-constant Verilog loops                   ; 250                ; 250                ;
; Add Pass-Through Logic to Inferred RAMs                          ; On                 ; On                 ;
; Infer RAMs from Raw Logic                                        ; On                 ; On                 ;
; Parallel Synthesis                                               ; On                 ; On                 ;
; DSP Block Balancing                                              ; Auto               ; Auto               ;
; NOT Gate Push-Back                                               ; On                 ; On                 ;
; Power-Up Don't Care                                              ; On                 ; On                 ;
; Remove Redundant Logic Cells                                     ; Off                ; Off                ;
; Remove Duplicate Registers                                       ; On                 ; On                 ;
; Ignore CARRY Buffers                                             ; Off                ; Off                ;
; Ignore CASCADE Buffers                                           ; Off                ; Off                ;
; Ignore GLOBAL Buffers                                            ; Off                ; Off                ;
; Ignore ROW GLOBAL Buffers                                        ; Off                ; Off                ;
; Ignore LCELL Buffers                                             ; Off                ; Off                ;
; Ignore SOFT Buffers                                              ; On                 ; On                 ;
; Limit AHDL Integers to 32 Bits                                   ; Off                ; Off                ;
; Optimization Technique                                           ; Balanced           ; Balanced           ;
; Carry Chain Length                                               ; 70                 ; 70                 ;
; Auto Carry Chains                                                ; On                 ; On                 ;
; Auto Open-Drain Pins                                             ; On                 ; On                 ;
; Perform WYSIWYG Primitive Resynthesis                            ; Off                ; Off                ;
; Auto ROM Replacement                                             ; On                 ; On                 ;
; Auto RAM Replacement                                             ; On                 ; On                 ;
; Auto DSP Block Replacement                                       ; On                 ; On                 ;
; Auto Shift Register Replacement                                  ; Auto               ; Auto               ;
; Allow Shift Register Merging across Hierarchies                  ; Auto               ; Auto               ;
; Auto Clock Enable Replacement                                    ; On                 ; On                 ;
; Strict RAM Replacement                                           ; Off                ; Off                ;
; Allow Synchronous Control Signals                                ; On                 ; On                 ;
; Force Use of Synchronous Clear Signals                           ; Off                ; Off                ;
; Auto RAM Block Balancing                                         ; On                 ; On                 ;
; Auto RAM to Logic Cell Conversion                                ; Off                ; Off                ;
; Auto Resource Sharing                                            ; Off                ; Off                ;
; Allow Any RAM Size For Recognition                               ; Off                ; Off                ;
; Allow Any ROM Size For Recognition                               ; Off                ; Off                ;
; Allow Any Shift Register Size For Recognition                    ; Off                ; Off                ;
; Use LogicLock Constraints during Resource Balancing              ; On                 ; On                 ;
; Ignore translate_off and synthesis_off directives                ; Off                ; Off                ;
; Timing-Driven Synthesis                                          ; On                 ; On                 ;
; Report Parameter Settings                                        ; On                 ; On                 ;
; Report Source Assignments                                        ; On                 ; On                 ;
; Report Connectivity Checks                                       ; On                 ; On                 ;
; Ignore Maximum Fan-Out Assignments                               ; Off                ; Off                ;
; Synchronization Register Chain Length                            ; 2                  ; 2                  ;
; Power Optimization During Synthesis                              ; Normal compilation ; Normal compilation ;
; HDL message level                                                ; Level2             ; Level2             ;
; Suppress Register Optimization Related Messages                  ; Off                ; Off                ;
; Number of Removed Registers Reported in Synthesis Report         ; 5000               ; 5000               ;
; Number of Swept Nodes Reported in Synthesis Report               ; 5000               ; 5000               ;
; Number of Inverted Registers Reported in Synthesis Report        ; 100                ; 100                ;
; Clock MUX Protection                                             ; On                 ; On                 ;
; Auto Gated Clock Conversion                                      ; Off                ; Off                ;
; Block Design Naming                                              ; Auto               ; Auto               ;
; SDC constraint protection                                        ; Off                ; Off                ;
; Synthesis Effort                                                 ; Auto               ; Auto               ;
; Shift Register Replacement - Allow Asynchronous Clear Signal     ; On                 ; On                 ;
; Pre-Mapping Resynthesis Optimization                             ; Off                ; Off                ;
; Analysis & Synthesis Message Level                               ; Medium             ; Medium             ;
; Disable Register Merging Across Hierarchies                      ; Auto               ; Auto               ;
; Resource Aware Inference For Block RAM                           ; On                 ; On                 ;
+------------------------------------------------------------------+--------------------+--------------------+


+------------------------------------------+
; Parallel Compilation                     ;
+----------------------------+-------------+
; Processors                 ; Number      ;
+----------------------------+-------------+
; Number detected on machine ; 8           ;
; Maximum allowed            ; 4           ;
;                            ;             ;
; Average used               ; 1.00        ;
; Maximum used               ; 1           ;
;                            ;             ;
; Usage by Processor         ; % Time Used ;
;     Processor 1            ; 100.0%      ;
+----------------------------+-------------+


+------------------------------------------------------------------------------------------------------------------------------------------------------------------------------+
; Analysis & Synthesis Source Files Read                                                                                                                                       ;
+----------------------------------+-----------------+------------------------------+--------------------------------------------------------------------------------+---------+
; File Name with User-Entered Path ; Used in Netlist ; File Type                    ; File Name with Absolute Path                                                   ; Library ;
+----------------------------------+-----------------+------------------------------+--------------------------------------------------------------------------------+---------+
; circuitoSomaSub.vhd              ; yes             ; User VHDL File               ; C:/Users/joaop/Documents/Logica_Reconfig/PR3_/circuitoSomaSub.vhd              ;         ;
; pacote.vhd                       ; yes             ; User VHDL File               ; C:/Users/joaop/Documents/Logica_Reconfig/PR3_/pacote.vhd                       ;         ;
; mux2x1.vhd                       ; yes             ; User VHDL File               ; C:/Users/joaop/Documents/Logica_Reconfig/PR3_/mux2x1.vhd                       ;         ;
; subtrator.vhd                    ; yes             ; User VHDL File               ; C:/Users/joaop/Documents/Logica_Reconfig/PR3_/subtrator.vhd                    ;         ;
; somador.vhd                      ; yes             ; User VHDL File               ; C:/Users/joaop/Documents/Logica_Reconfig/PR3_/somador.vhd                      ;         ;
; Decoder7Entrada.vhd              ; yes             ; User VHDL File               ; C:/Users/joaop/Documents/Logica_Reconfig/PR3_/Decoder7Entrada.vhd              ;         ;
; Decoder7Saida.vhd                ; yes             ; User VHDL File               ; C:/Users/joaop/Documents/Logica_Reconfig/PR3_/Decoder7Saida.vhd                ;         ;
; lpm_add_sub.tdf                  ; yes             ; Megafunction                 ; c:/intelfpga_lite/20.1/quartus/libraries/megafunctions/lpm_add_sub.tdf         ;         ;
; addcore.inc                      ; yes             ; Megafunction                 ; c:/intelfpga_lite/20.1/quartus/libraries/megafunctions/addcore.inc             ;         ;
; look_add.inc                     ; yes             ; Megafunction                 ; c:/intelfpga_lite/20.1/quartus/libraries/megafunctions/look_add.inc            ;         ;
; bypassff.inc                     ; yes             ; Megafunction                 ; c:/intelfpga_lite/20.1/quartus/libraries/megafunctions/bypassff.inc            ;         ;
; altshift.inc                     ; yes             ; Megafunction                 ; c:/intelfpga_lite/20.1/quartus/libraries/megafunctions/altshift.inc            ;         ;
; alt_stratix_add_sub.inc          ; yes             ; Megafunction                 ; c:/intelfpga_lite/20.1/quartus/libraries/megafunctions/alt_stratix_add_sub.inc ;         ;
; aglobal201.inc                   ; yes             ; Megafunction                 ; c:/intelfpga_lite/20.1/quartus/libraries/megafunctions/aglobal201.inc          ;         ;
; db/add_sub_u8i.tdf               ; yes             ; Auto-Generated Megafunction  ; C:/Users/joaop/Documents/Logica_Reconfig/PR3_/db/add_sub_u8i.tdf               ;         ;
+----------------------------------+-----------------+------------------------------+--------------------------------------------------------------------------------+---------+


+----------------------------------------------------------+
; Analysis & Synthesis Resource Usage Summary              ;
+---------------------------------------------+------------+
; Resource                                    ; Usage      ;
+---------------------------------------------+------------+
; Estimated Total logic elements              ; 108        ;
;                                             ;            ;
; Total combinational functions               ; 108        ;
; Logic element usage by number of LUT inputs ;            ;
;     -- 4 input functions                    ; 65         ;
;     -- 3 input functions                    ; 35         ;
;     -- <=2 input functions                  ; 8          ;
;                                             ;            ;
; Logic elements by mode                      ;            ;
;     -- normal mode                          ; 104        ;
;     -- arithmetic mode                      ; 4          ;
;                                             ;            ;
; Total registers                             ; 0          ;
;     -- Dedicated logic registers            ; 0          ;
;     -- I/O registers                        ; 0          ;
;                                             ;            ;
; I/O pins                                    ; 46         ;
;                                             ;            ;
; Embedded Multiplier 9-bit elements          ; 0          ;
;                                             ;            ;
; Maximum fan-out node                        ; b[0]~input ;
; Maximum fan-out                             ; 41         ;
; Total fan-out                               ; 460        ;
; Average fan-out                             ; 2.30       ;
+---------------------------------------------+------------+


+----------------------------------------------------------------------------------------------------------------------------------------------------------------------------------------------------------------------------------------------------------------------------------------------------------+
; Analysis & Synthesis Resource Utilization by Entity                                                                                                                                                                                                                                                      ;
+---------------------------------------+---------------------+---------------------------+-------------+------------+--------------+---------+-----------+------+--------------+------------+----------------------------------------------------------------------------+-----------------+--------------+
; Compilation Hierarchy Node            ; Combinational ALUTs ; Dedicated Logic Registers ; Memory Bits ; UFM Blocks ; DSP Elements ; DSP 9x9 ; DSP 18x18 ; Pins ; Virtual Pins ; ADC blocks ; Full Hierarchy Name                                                        ; Entity Name     ; Library Name ;
+---------------------------------------+---------------------+---------------------------+-------------+------------+--------------+---------+-----------+------+--------------+------------+----------------------------------------------------------------------------+-----------------+--------------+
; |circuitoSomaSub                      ; 108 (0)             ; 0 (0)                     ; 0           ; 0          ; 0            ; 0       ; 0         ; 46   ; 0            ; 0          ; |circuitoSomaSub                                                           ; circuitoSomaSub ; work         ;
;    |Decoder7Entrada:map_4|            ; 7 (7)               ; 0 (0)                     ; 0           ; 0          ; 0            ; 0       ; 0         ; 0    ; 0            ; 0          ; |circuitoSomaSub|Decoder7Entrada:map_4                                     ; Decoder7Entrada ; work         ;
;    |Decoder7Entrada:map_5|            ; 7 (7)               ; 0 (0)                     ; 0           ; 0          ; 0            ; 0       ; 0         ; 0    ; 0            ; 0          ; |circuitoSomaSub|Decoder7Entrada:map_5                                     ; Decoder7Entrada ; work         ;
;    |Decoder7Saida:map_6|              ; 86 (86)             ; 0 (0)                     ; 0           ; 0          ; 0            ; 0       ; 0         ; 0    ; 0            ; 0          ; |circuitoSomaSub|Decoder7Saida:map_6                                       ; Decoder7Saida   ; work         ;
;    |somador:map_1|                    ; 7 (0)               ; 0 (0)                     ; 0           ; 0          ; 0            ; 0       ; 0         ; 0    ; 0            ; 0          ; |circuitoSomaSub|somador:map_1                                             ; somador         ; work         ;
;       |lpm_add_sub:Add0|              ; 7 (0)               ; 0 (0)                     ; 0           ; 0          ; 0            ; 0       ; 0         ; 0    ; 0            ; 0          ; |circuitoSomaSub|somador:map_1|lpm_add_sub:Add0                            ; lpm_add_sub     ; work         ;
;          |add_sub_u8i:auto_generated| ; 7 (7)               ; 0 (0)                     ; 0           ; 0          ; 0            ; 0       ; 0         ; 0    ; 0            ; 0          ; |circuitoSomaSub|somador:map_1|lpm_add_sub:Add0|add_sub_u8i:auto_generated ; add_sub_u8i     ; work         ;
;    |subtrator:map_2|                  ; 1 (1)               ; 0 (0)                     ; 0           ; 0          ; 0            ; 0       ; 0         ; 0    ; 0            ; 0          ; |circuitoSomaSub|subtrator:map_2                                           ; subtrator       ; work         ;
+---------------------------------------+---------------------+---------------------------+-------------+------------+--------------+---------+-----------+------+--------------+------------+----------------------------------------------------------------------------+-----------------+--------------+
Note: For table entries with two numbers listed, the numbers in parentheses indicate the number of resources of the given type used by the specific entity alone. The numbers listed outside of parentheses indicate the total resources of the given type used by the specific entity and all of its sub-entities in the hierarchy.


+---------------------------------------------------------------------------------------------------+
; User-Specified and Inferred Latches                                                               ;
+----------------------------------------------------+---------------------+------------------------+
; Latch Name                                         ; Latch Enable Signal ; Free of Timing Hazards ;
+----------------------------------------------------+---------------------+------------------------+
; Decoder7Saida:map_6|HEX3[6]                        ; GND                 ; yes                    ;
; Decoder7Saida:map_6|HEX3[5]                        ; GND                 ; yes                    ;
; Decoder7Saida:map_6|HEX3[4]                        ; GND                 ; yes                    ;
; Decoder7Saida:map_6|HEX3[3]                        ; GND                 ; yes                    ;
; Decoder7Saida:map_6|HEX3[2]                        ; GND                 ; yes                    ;
; Decoder7Saida:map_6|HEX3[1]                        ; GND                 ; yes                    ;
; Decoder7Saida:map_6|HEX3[0]                        ; GND                 ; yes                    ;
; Number of user-specified and inferred latches = 7  ;                     ;                        ;
+----------------------------------------------------+---------------------+------------------------+
Note: All latches listed above may not be present at the end of synthesis due to various synthesis optimizations.


+------------------------------------------------------+
; General Register Statistics                          ;
+----------------------------------------------+-------+
; Statistic                                    ; Value ;
+----------------------------------------------+-------+
; Total registers                              ; 0     ;
; Number of registers using Synchronous Clear  ; 0     ;
; Number of registers using Synchronous Load   ; 0     ;
; Number of registers using Asynchronous Clear ; 0     ;
; Number of registers using Asynchronous Load  ; 0     ;
; Number of registers using Clock Enable       ; 0     ;
; Number of registers using Preset             ; 0     ;
+----------------------------------------------+-------+


+-------------------------------------------------------------------------------------------------------------------------------------------------------------+
; Multiplexer Restructuring Statistics (Restructuring Performed)                                                                                              ;
+--------------------+-----------+---------------+----------------------+------------------------+------------+-----------------------------------------------+
; Multiplexer Inputs ; Bus Width ; Baseline Area ; Area if Restructured ; Saving if Restructured ; Registered ; Example Multiplexer Output                    ;
+--------------------+-----------+---------------+----------------------+------------------------+------------+-----------------------------------------------+
; 8:1                ; 2 bits    ; 10 LEs        ; 6 LEs                ; 4 LEs                  ; No         ; |circuitoSomaSub|Decoder7Entrada:map_4|HEX[4] ;
; 8:1                ; 2 bits    ; 10 LEs        ; 6 LEs                ; 4 LEs                  ; No         ; |circuitoSomaSub|Decoder7Entrada:map_5|HEX[1] ;
; 128:1              ; 2 bits    ; 170 LEs       ; 80 LEs               ; 90 LEs                 ; No         ; |circuitoSomaSub|Decoder7Saida:map_6|HEX4[2]  ;
+--------------------+-----------+---------------+----------------------+------------------------+------------+-----------------------------------------------+


+---------------------------------------------------------------------------------+
; Parameter Settings for User Entity Instance: Top-level Entity: |circuitoSomaSub ;
+----------------+-------+--------------------------------------------------------+
; Parameter Name ; Value ; Type                                                   ;
+----------------+-------+--------------------------------------------------------+
; N              ; 3     ; Signed Integer                                         ;
+----------------+-------+--------------------------------------------------------+
Note: In order to hide this table in the UI and the text report file, please set the "Show Parameter Settings in Synthesis Report" option in "Analysis and Synthesis Settings -> More Settings" to "Off".


+------------------------------------------------------------+
; Parameter Settings for User Entity Instance: somador:map_1 ;
+----------------+-------+-----------------------------------+
; Parameter Name ; Value ; Type                              ;
+----------------+-------+-----------------------------------+
; n              ; 3     ; Signed Integer                    ;
+----------------+-------+-----------------------------------+
Note: In order to hide this table in the UI and the text report file, please set the "Show Parameter Settings in Synthesis Report" option in "Analysis and Synthesis Settings -> More Settings" to "Off".


+--------------------------------------------------------------+
; Parameter Settings for User Entity Instance: subtrator:map_2 ;
+----------------+-------+-------------------------------------+
; Parameter Name ; Value ; Type                                ;
+----------------+-------+-------------------------------------+
; n              ; 3     ; Signed Integer                      ;
+----------------+-------+-------------------------------------+
Note: In order to hide this table in the UI and the text report file, please set the "Show Parameter Settings in Synthesis Report" option in "Analysis and Synthesis Settings -> More Settings" to "Off".


+-----------------------------------------------------------+
; Parameter Settings for User Entity Instance: mux2x1:map_3 ;
+----------------+-------+----------------------------------+
; Parameter Name ; Value ; Type                             ;
+----------------+-------+----------------------------------+
; n              ; 3     ; Signed Integer                   ;
+----------------+-------+----------------------------------+
Note: In order to hide this table in the UI and the text report file, please set the "Show Parameter Settings in Synthesis Report" option in "Analysis and Synthesis Settings -> More Settings" to "Off".


+--------------------------------------------------------------------+
; Parameter Settings for User Entity Instance: Decoder7Entrada:map_4 ;
+----------------+-------+-------------------------------------------+
; Parameter Name ; Value ; Type                                      ;
+----------------+-------+-------------------------------------------+
; n              ; 3     ; Signed Integer                            ;
+----------------+-------+-------------------------------------------+
Note: In order to hide this table in the UI and the text report file, please set the "Show Parameter Settings in Synthesis Report" option in "Analysis and Synthesis Settings -> More Settings" to "Off".


+--------------------------------------------------------------------+
; Parameter Settings for User Entity Instance: Decoder7Entrada:map_5 ;
+----------------+-------+-------------------------------------------+
; Parameter Name ; Value ; Type                                      ;
+----------------+-------+-------------------------------------------+
; n              ; 3     ; Signed Integer                            ;
+----------------+-------+-------------------------------------------+
Note: In order to hide this table in the UI and the text report file, please set the "Show Parameter Settings in Synthesis Report" option in "Analysis and Synthesis Settings -> More Settings" to "Off".


+------------------------------------------------------------------+
; Parameter Settings for User Entity Instance: Decoder7Saida:map_6 ;
+----------------+-------+-----------------------------------------+
; Parameter Name ; Value ; Type                                    ;
+----------------+-------+-----------------------------------------+
; n              ; 3     ; Signed Integer                          ;
+----------------+-------+-----------------------------------------+
Note: In order to hide this table in the UI and the text report file, please set the "Show Parameter Settings in Synthesis Report" option in "Analysis and Synthesis Settings -> More Settings" to "Off".


+---------------------------------------------------------------------------------+
; Parameter Settings for Inferred Entity Instance: somador:map_1|lpm_add_sub:Add0 ;
+------------------------+-------------+------------------------------------------+
; Parameter Name         ; Value       ; Type                                     ;
+------------------------+-------------+------------------------------------------+
; LPM_WIDTH              ; 4           ; Untyped                                  ;
; LPM_REPRESENTATION     ; UNSIGNED    ; Untyped                                  ;
; LPM_DIRECTION          ; DEFAULT     ; Untyped                                  ;
; ONE_INPUT_IS_CONSTANT  ; NO          ; Untyped                                  ;
; LPM_PIPELINE           ; 0           ; Untyped                                  ;
; MAXIMIZE_SPEED         ; 5           ; Untyped                                  ;
; REGISTERED_AT_END      ; 0           ; Untyped                                  ;
; OPTIMIZE_FOR_SPEED     ; 5           ; Untyped                                  ;
; USE_CS_BUFFERS         ; 1           ; Untyped                                  ;
; CARRY_CHAIN            ; MANUAL      ; Untyped                                  ;
; CARRY_CHAIN_LENGTH     ; 48          ; CARRY_CHAIN_LENGTH                       ;
; DEVICE_FAMILY          ; MAX 10      ; Untyped                                  ;
; USE_WYS                ; OFF         ; Untyped                                  ;
; STYLE                  ; FAST        ; Untyped                                  ;
; CBXI_PARAMETER         ; add_sub_u8i ; Untyped                                  ;
; AUTO_CARRY_CHAINS      ; ON          ; AUTO_CARRY                               ;
; IGNORE_CARRY_BUFFERS   ; OFF         ; IGNORE_CARRY                             ;
; AUTO_CASCADE_CHAINS    ; ON          ; AUTO_CASCADE                             ;
; IGNORE_CASCADE_BUFFERS ; OFF         ; IGNORE_CASCADE                           ;
+------------------------+-------------+------------------------------------------+
Note: In order to hide this table in the UI and the text report file, please set the "Show Parameter Settings in Synthesis Report" option in "Analysis and Synthesis Settings -> More Settings" to "Off".


+-----------------------------------------------------+
; Post-Synthesis Netlist Statistics for Top Partition ;
+-----------------------+-----------------------------+
; Type                  ; Count                       ;
+-----------------------+-----------------------------+
; boundary_port         ; 46                          ;
; cycloneiii_lcell_comb ; 112                         ;
;     arith             ; 4                           ;
;         2 data inputs ; 1                           ;
;         3 data inputs ; 3                           ;
;     normal            ; 108                         ;
;         0 data inputs ; 2                           ;
;         1 data inputs ; 3                           ;
;         2 data inputs ; 6                           ;
;         3 data inputs ; 32                          ;
;         4 data inputs ; 65                          ;
;                       ;                             ;
; Max LUT depth         ; 8.30                        ;
; Average LUT depth     ; 4.70                        ;
+-----------------------+-----------------------------+


+-------------------------------+
; Elapsed Time Per Partition    ;
+----------------+--------------+
; Partition Name ; Elapsed Time ;
+----------------+--------------+
; Top            ; 00:00:00     ;
+----------------+--------------+


+-------------------------------+
; Analysis & Synthesis Messages ;
+-------------------------------+
Info: *******************************************************************
Info: Running Quartus Prime Analysis & Synthesis
    Info: Version 20.1.1 Build 720 11/11/2020 SJ Lite Edition
    Info: Processing started: Tue May 09 15:43:28 2023
Info: Command: quartus_map --read_settings_files=on --write_settings_files=off circuitoSomaSub -c circuitoSomaSub
Warning (18236): Number of processors has not been specified which may cause overloading on shared machines.  Set the global assignment NUM_PARALLEL_PROCESSORS in your QSF to an appropriate value for best performance.
Info (20030): Parallel compilation is enabled and will use 4 of the 4 processors detected
Info (12021): Found 2 design units, including 1 entities, in source file circuitosomasub.vhd
    Info (12022): Found design unit 1: circuitoSomaSub-arq File: C:/Users/joaop/Documents/Logica_Reconfig/PR3_/circuitoSomaSub.vhd Line: 19
    Info (12023): Found entity 1: circuitoSomaSub File: C:/Users/joaop/Documents/Logica_Reconfig/PR3_/circuitoSomaSub.vhd Line: 6
Info (12021): Found 1 design units, including 0 entities, in source file pacote.vhd
    Info (12022): Found design unit 1: pacote File: C:/Users/joaop/Documents/Logica_Reconfig/PR3_/pacote.vhd Line: 4
Info (12021): Found 2 design units, including 1 entities, in source file mux2x1.vhd
    Info (12022): Found design unit 1: mux2x1-arq File: C:/Users/joaop/Documents/Logica_Reconfig/PR3_/mux2x1.vhd Line: 12
    Info (12023): Found entity 1: mux2x1 File: C:/Users/joaop/Documents/Logica_Reconfig/PR3_/mux2x1.vhd Line: 4
Info (12021): Found 2 design units, including 1 entities, in source file subtrator.vhd
    Info (12022): Found design unit 1: subtrator-arq File: C:/Users/joaop/Documents/Logica_Reconfig/PR3_/subtrator.vhd Line: 10
    Info (12023): Found entity 1: subtrator File: C:/Users/joaop/Documents/Logica_Reconfig/PR3_/subtrator.vhd Line: 5
Info (12021): Found 2 design units, including 1 entities, in source file somador.vhd
    Info (12022): Found design unit 1: somador-arq File: C:/Users/joaop/Documents/Logica_Reconfig/PR3_/somador.vhd Line: 11
    Info (12023): Found entity 1: somador File: C:/Users/joaop/Documents/Logica_Reconfig/PR3_/somador.vhd Line: 5
Info (12021): Found 2 design units, including 1 entities, in source file tbcircuitosomasub.vhd
    Info (12022): Found design unit 1: tbcircuitoSomaSub-tbarq File: C:/Users/joaop/Documents/Logica_Reconfig/PR3_/tbcircuitoSomaSub.vhd Line: 8
    Info (12023): Found entity 1: tbcircuitoSomaSub File: C:/Users/joaop/Documents/Logica_Reconfig/PR3_/tbcircuitoSomaSub.vhd Line: 5
Info (12021): Found 2 design units, including 1 entities, in source file decoder7entrada.vhd
    Info (12022): Found design unit 1: Decoder7Entrada-arq File: C:/Users/joaop/Documents/Logica_Reconfig/PR3_/Decoder7Entrada.vhd Line: 10
    Info (12023): Found entity 1: Decoder7Entrada File: C:/Users/joaop/Documents/Logica_Reconfig/PR3_/Decoder7Entrada.vhd Line: 4
Info (12021): Found 2 design units, including 1 entities, in source file decoder7saida.vhd
    Info (12022): Found design unit 1: Decoder7Saida-arq File: C:/Users/joaop/Documents/Logica_Reconfig/PR3_/Decoder7Saida.vhd Line: 13
    Info (12023): Found entity 1: Decoder7Saida File: C:/Users/joaop/Documents/Logica_Reconfig/PR3_/Decoder7Saida.vhd Line: 4
Info (12127): Elaborating entity "circuitoSomaSub" for the top level hierarchy
Info (12129): Elaborating entity "somador" using architecture "A:arq" for hierarchy "somador:map_1" File: C:/Users/joaop/Documents/Logica_Reconfig/PR3_/circuitoSomaSub.vhd Line: 25
Info (12129): Elaborating entity "subtrator" using architecture "A:arq" for hierarchy "subtrator:map_2" File: C:/Users/joaop/Documents/Logica_Reconfig/PR3_/circuitoSomaSub.vhd Line: 28
Info (12129): Elaborating entity "mux2x1" using architecture "A:arq" for hierarchy "mux2x1:map_3" File: C:/Users/joaop/Documents/Logica_Reconfig/PR3_/circuitoSomaSub.vhd Line: 31
Info (12129): Elaborating entity "Decoder7Entrada" using architecture "A:arq" for hierarchy "Decoder7Entrada:map_4" File: C:/Users/joaop/Documents/Logica_Reconfig/PR3_/circuitoSomaSub.vhd Line: 34
Info (12129): Elaborating entity "Decoder7Saida" using architecture "A:arq" for hierarchy "Decoder7Saida:map_6" File: C:/Users/joaop/Documents/Logica_Reconfig/PR3_/circuitoSomaSub.vhd Line: 40
Info (10041): Inferred latch for "HEX3[6]" at Decoder7Saida.vhd(46) File: C:/Users/joaop/Documents/Logica_Reconfig/PR3_/Decoder7Saida.vhd Line: 46
Info (10041): Inferred latch for "HEX3[5]" at Decoder7Saida.vhd(46) File: C:/Users/joaop/Documents/Logica_Reconfig/PR3_/Decoder7Saida.vhd Line: 46
Info (10041): Inferred latch for "HEX3[4]" at Decoder7Saida.vhd(46) File: C:/Users/joaop/Documents/Logica_Reconfig/PR3_/Decoder7Saida.vhd Line: 46
Info (10041): Inferred latch for "HEX3[3]" at Decoder7Saida.vhd(46) File: C:/Users/joaop/Documents/Logica_Reconfig/PR3_/Decoder7Saida.vhd Line: 46
Info (10041): Inferred latch for "HEX3[2]" at Decoder7Saida.vhd(46) File: C:/Users/joaop/Documents/Logica_Reconfig/PR3_/Decoder7Saida.vhd Line: 46
Info (10041): Inferred latch for "HEX3[1]" at Decoder7Saida.vhd(46) File: C:/Users/joaop/Documents/Logica_Reconfig/PR3_/Decoder7Saida.vhd Line: 46
Info (10041): Inferred latch for "HEX3[0]" at Decoder7Saida.vhd(46) File: C:/Users/joaop/Documents/Logica_Reconfig/PR3_/Decoder7Saida.vhd Line: 46
Info (278001): Inferred 1 megafunctions from design logic
    Info (278002): Inferred adder/subtractor megafunction ("lpm_add_sub") from the following logic: "somador:map_1|Add0" File: C:/Users/joaop/Documents/Logica_Reconfig/PR3_/somador.vhd Line: 16
Info (12130): Elaborated megafunction instantiation "somador:map_1|lpm_add_sub:Add0" File: C:/Users/joaop/Documents/Logica_Reconfig/PR3_/somador.vhd Line: 16
Info (12133): Instantiated megafunction "somador:map_1|lpm_add_sub:Add0" with the following parameter: File: C:/Users/joaop/Documents/Logica_Reconfig/PR3_/somador.vhd Line: 16
    Info (12134): Parameter "LPM_WIDTH" = "4"
    Info (12134): Parameter "LPM_DIRECTION" = "DEFAULT"
    Info (12134): Parameter "LPM_REPRESENTATION" = "UNSIGNED"
    Info (12134): Parameter "ONE_INPUT_IS_CONSTANT" = "NO"
Info (12021): Found 1 design units, including 1 entities, in source file db/add_sub_u8i.tdf
    Info (12023): Found entity 1: add_sub_u8i File: C:/Users/joaop/Documents/Logica_Reconfig/PR3_/db/add_sub_u8i.tdf Line: 23
Warning (13024): Output pins are stuck at VCC or GND
    Warning (13410): Pin "SIG[6]" is stuck at GND File: C:/Users/joaop/Documents/Logica_Reconfig/PR3_/circuitoSomaSub.vhd Line: 15
    Warning (13410): Pin "SIG[5]" is stuck at VCC File: C:/Users/joaop/Documents/Logica_Reconfig/PR3_/circuitoSomaSub.vhd Line: 15
    Warning (13410): Pin "SIG[4]" is stuck at VCC File: C:/Users/joaop/Documents/Logica_Reconfig/PR3_/circuitoSomaSub.vhd Line: 15
    Warning (13410): Pin "SIG[3]" is stuck at VCC File: C:/Users/joaop/Documents/Logica_Reconfig/PR3_/circuitoSomaSub.vhd Line: 15
    Warning (13410): Pin "SIG[0]" is stuck at VCC File: C:/Users/joaop/Documents/Logica_Reconfig/PR3_/circuitoSomaSub.vhd Line: 15
Info (286030): Timing-Driven Synthesis is running
Info (16010): Generating hard_block partition "hard_block:auto_generated_inst"
    Info (16011): Adding 0 node(s), including 0 DDIO, 0 PLL, 0 transceiver and 0 LCELL
Info (21057): Implemented 154 device resources after synthesis - the final resource count might be different
    Info (21058): Implemented 7 input pins
    Info (21059): Implemented 39 output pins
    Info (21061): Implemented 108 logic cells
Info: Quartus Prime Analysis & Synthesis was successful. 0 errors, 7 warnings
    Info: Peak virtual memory: 4793 megabytes
    Info: Processing ended: Tue May 09 15:43:38 2023
    Info: Elapsed time: 00:00:10
    Info: Total CPU time (on all processors): 00:00:08


